<?xml version="1.0" encoding="UTF-8"?>
<!-- Generated by org.testng.reporters.JUnitXMLReporter -->
<testsuite ignored="2" hostname="SARAVANANR" failures="1" tests="3" name="Default test(failed)" time="0.065" errors="0" timestamp="2022-06-14T14:59:35 IST">
  <testcase classname="TESTNGDEMO.TS005" name="OpenBrowser" time="0.01">
    <failure type="java.lang.AssertionError" message="expected [SAMR] but found [SAM]">
      <![CDATA[java.lang.AssertionError: expected [SAMR] but found [SAM]
at TESTNGDEMO.TS005.OpenBrowser(TS005.java:15)
at java.base/java.util.ArrayList.forEach(ArrayList.java:1541)
... Removed 32 stack frames]]>
    </failure>
  </testcase> <!-- OpenBrowser -->
  <testcase classname="TESTNGDEMO.TS005" name="CloseBrowser" time="0.0">
    <skipped/>
  </testcase> <!-- CloseBrowser -->
  <testcase classname="TESTNGDEMO.TS006" name="Signout" time="0.007"/>
  <testcase classname="TESTNGDEMO.TS006" name="CloseBrowser" time="0.0">
    <ignored/>
  </testcase> <!-- CloseBrowser -->
  <testcase classname="TESTNGDEMO.TS006" name="OpenBrowser" time="0.0">
    <ignored/>
  </testcase> <!-- OpenBrowser -->
</testsuite> <!-- Default test(failed) -->
