<?xml version="1.0" encoding="UTF-8"?>
<!-- Generated by org.testng.reporters.JUnitXMLReporter -->
<testsuite ignored="6" hostname="SARAVANANR" failures="1" tests="9" name="Test1" time="30.718" errors="0" timestamp="2022-06-21T14:33:57 IST">
  <testcase classname="TESTNGDEMO.T001" name="TS001" time="14.877"/>
  <testcase classname="TESTNGDEMO.T007" name="TS001" time="15.779"/>
  <testcase classname="TESTNGDEMO.TS002" name="A" time="0.001"/>
  <testcase classname="TESTNGDEMO.TS002" name="B" time="0.001"/>
  <testcase classname="TESTNGDEMO.TS005" name="OpenBrowser" time="0.004">
    <failure type="java.lang.AssertionError" message="expected [SAMR] but found [SAM]">
      <![CDATA[java.lang.AssertionError: expected [SAMR] but found [SAM]
at TESTNGDEMO.TS005.OpenBrowser(TS005.java:15)
at java.base/java.util.ArrayList.forEach(ArrayList.java:1541)
... Removed 32 stack frames]]>
    </failure>
  </testcase> <!-- OpenBrowser -->
  <testcase classname="TESTNGDEMO.TS005" name="CloseBrowser" time="0.001"/>
  <testcase classname="TESTNGDEMO.TS006" name="OpenBrowser" time="0.001"/>
  <testcase classname="TESTNGDEMO.TS006" name="Signout" time="0.002"/>
  <testcase classname="TESTNGDEMO.TS006" name="CloseBrowser" time="0.002"/>
  <testcase classname="TESTNGDEMO.TS004" name="@AfterSuite stopsuite" time="0.0">
    <ignored/>
  </testcase> <!-- @AfterSuite stopsuite -->
  <testcase classname="TESTNGDEMO.TS004" name="@AfterSuite stopsuite" time="0.0">
    <ignored/>
  </testcase> <!-- @AfterSuite stopsuite -->
  <testcase classname="TESTNGDEMO.TS003" name="@BeforeTest setUP" time="0.0">
    <ignored/>
  </testcase> <!-- @BeforeTest setUP -->
  <testcase classname="TESTNGDEMO.TS004" name="@BeforeSuite startstuite" time="0.0">
    <ignored/>
  </testcase> <!-- @BeforeSuite startstuite -->
  <testcase classname="TESTNGDEMO.TS004" name="@BeforeSuite startstuite" time="0.0">
    <ignored/>
  </testcase> <!-- @BeforeSuite startstuite -->
  <testcase classname="TESTNGDEMO.TS003" name="@AfterTest tearDown" time="0.0">
    <ignored/>
  </testcase> <!-- @AfterTest tearDown -->
</testsuite> <!-- Test1 -->
