<?xml version="1.0" encoding="UTF-8"?>
<testng-results ignored="0" total="1" passed="1" failed="0" skipped="0">
  <reporter-output>
  </reporter-output>
  <suite started-at="2022-07-06T14:46:17 IST" name="Default suite" finished-at="2022-07-06T14:46:37 IST" duration-ms="20235">
    <groups>
    </groups>
    <test started-at="2022-07-06T14:46:17 IST" name="Default test" finished-at="2022-07-06T14:46:37 IST" duration-ms="20235">
      <class name="GooglePageTest.TS001">
        <test-method signature="Test1()[pri:0, instance:GooglePageTest.TS001@7c83dc97]" started-at="2022-07-06T14:46:17 IST" name="Test1" finished-at="2022-07-06T14:46:37 IST" duration-ms="20166" status="PASS">
          <reporter-output>
          </reporter-output>
        </test-method> <!-- Test1 -->
      </class> <!-- GooglePageTest.TS001 -->
    </test> <!-- Default test -->
  </suite> <!-- Default suite -->
</testng-results>
